
============================================================
ESP32 Monitoring Session Started: 2026-01-19 07:31:54
Serial Port: COM3 | Baud Rate: 115200
============================================================

[2026-01-19 07:31:56] RAW: 3d3d3d205761746572204d6f6e69746f72696e67204e6f64652053746172746564203d3d3d0d0a | DECODED: === Water Monitoring Node Started ===
[2026-01-19 07:31:56] JSON ERROR: Expecting value: line 1 column 1 (char 0) | DATA: === Water Monitoring Node Started ===
[2026-01-19 07:31:56] ESP32 Device 1: HTTP ERROR 422 | {"detail":[{"type":"missing","loc":["body","ph_value"],"msg":"Field required","input":{"device_id":"
[2026-01-19 07:32:01] RAW: 7b226465766963655f6964223a226465766963655f303031222c2270685f76616c7565223a32312e31362c227464735f76616c7565223a302e302c2274656d7065726174757265223a2d3132372e30307d0d0a | DECODED: {"device_id":"device_001","ph_value":21.16,"tds_value":0.0,"temperature":-127.00}
[2026-01-19 07:32:01] JSON: {"device_id": "device_001", "ph_value": 21.16, "tds_value": 0.0, "temperature": -127.0}
[2026-01-19 07:32:01] ESP32 Device 1: SENT | RESPONSE: 92
[2026-01-19 07:32:06] RAW: 7b226465766963655f6964223a226465766963655f303031222c2270685f76616c7565223a32312e31362c227464735f76616c7565223a302e302c2274656d7065726174757265223a2d3132372e30307d0d0a | DECODED: {"device_id":"device_001","ph_value":21.16,"tds_value":0.0,"temperature":-127.00}
[2026-01-19 07:32:06] JSON: {"device_id": "device_001", "ph_value": 21.16, "tds_value": 0.0, "temperature": -127.0}
[2026-01-19 07:32:06] ESP32 Device 1: SENT | RESPONSE: 93
[2026-01-19 07:32:11] RAW: 7b226465766963655f6964223a226465766963655f303031222c2270685f76616c7565223a32312e31352c227464735f76616c7565223a302e302c2274656d7065726174757265223a2d3132372e30307d0d0a | DECODED: {"device_id":"device_001","ph_value":21.15,"tds_value":0.0,"temperature":-127.00}
[2026-01-19 07:32:11] JSON: {"device_id": "device_001", "ph_value": 21.15, "tds_value": 0.0, "temperature": -127.0}
[2026-01-19 07:32:11] ESP32 Device 1: SENT | RESPONSE: 94
[2026-01-19 07:32:16] RAW: 7b226465766963655f6964223a226465766963655f303031222c2270685f76616c7565223a32312e31362c227464735f76616c7565223a302e302c2274656d7065726174757265223a2d3132372e30307d0d0a | DECODED: {"device_id":"device_001","ph_value":21.16,"tds_value":0.0,"temperature":-127.00}
[2026-01-19 07:32:16] JSON: {"device_id": "device_001", "ph_value": 21.16, "tds_value": 0.0, "temperature": -127.0}
[2026-01-19 07:32:16] ESP32 Device 1: SENT | RESPONSE: 95
[2026-01-19 07:32:21] RAW: 7b226465766963655f6964223a226465766963655f303031222c2270685f76616c7565223a32312e31362c227464735f76616c7565223a302e302c2274656d7065726174757265223a2d3132372e30307d0d0a | DECODED: {"device_id":"device_001","ph_value":21.16,"tds_value":0.0,"temperature":-127.00}
[2026-01-19 07:32:21] JSON: {"device_id": "device_001", "ph_value": 21.16, "tds_value": 0.0, "temperature": -127.0}
[2026-01-19 07:32:21] ESP32 Device 1: SENT | RESPONSE: 96
[2026-01-19 07:32:26] RAW: 7b226465766963655f6964223a226465766963655f303031222c2270685f76616c7565223a32312e31362c227464735f76616c7565223a302e302c2274656d7065726174757265223a2d3132372e30307d0d0a | DECODED: {"device_id":"device_001","ph_value":21.16,"tds_value":0.0,"temperature":-127.00}
[2026-01-19 07:32:26] JSON: {"device_id": "device_001", "ph_value": 21.16, "tds_value": 0.0, "temperature": -127.0}
[2026-01-19 07:32:26] ESP32 Device 1: SENT | RESPONSE: 97
[2026-01-19 07:32:31] ESP32 Device 1: NO DATA
[2026-01-19 07:32:36] RAW: 7b226465766963655f6964223a226465766963655f303031222c2270685f76616c7565223a32312e31372c227464735f76616c7565223a302e302c2274656d7065726174757265223a2d3132372e30307d0d0a | DECODED: {"device_id":"device_001","ph_value":21.17,"tds_value":0.0,"temperature":-127.00}
[2026-01-19 07:32:36] JSON: {"device_id": "device_001", "ph_value": 21.17, "tds_value": 0.0, "temperature": -127.0}
[2026-01-19 07:32:36] ESP32 Device 1: SENT | RESPONSE: 98
[2026-01-19 07:32:41] RAW: 7b226465766963655f6964223a226465766963655f303031222c2270685f76616c7565223a32312e31352c227464735f76616c7565223a302e302c2274656d7065726174757265223a2d3132372e30307d0d0a | DECODED: {"device_id":"device_001","ph_value":21.15,"tds_value":0.0,"temperature":-127.00}
[2026-01-19 07:32:41] JSON: {"device_id": "device_001", "ph_value": 21.15, "tds_value": 0.0, "temperature": -127.0}
[2026-01-19 07:32:41] ESP32 Device 1: SENT | RESPONSE: 99
[2026-01-19 07:32:46] RAW: 7b226465766963655f6964223a226465766963655f303031222c2270685f76616c7565223a32312e31372c227464735f76616c7565223a302e302c2274656d7065726174757265223a2d3132372e30307d0d0a | DECODED: {"device_id":"device_001","ph_value":21.17,"tds_value":0.0,"temperature":-127.00}
[2026-01-19 07:32:46] JSON: {"device_id": "device_001", "ph_value": 21.17, "tds_value": 0.0, "temperature": -127.0}
[2026-01-19 07:32:46] ESP32 Device 1: SENT | RESPONSE: 100
[2026-01-19 07:32:51] RAW: 7b226465766963655f6964223a226465766963655f303031222c2270685f76616c7565223a32312e31312c227464735f76616c7565223a323234362e302c2274656d7065726174757265223a2d3132372e30307d0d0a | DECODED: {"device_id":"device_001","ph_value":21.11,"tds_value":2246.0,"temperature":-127.00}
[2026-01-19 07:32:51] JSON: {"device_id": "device_001", "ph_value": 21.11, "tds_value": 2246.0, "temperature": -127.0}
[2026-01-19 07:32:51] ESP32 Device 1: SENT | RESPONSE: 101
[2026-01-19 07:32:56] RAW: 7b226465766963655f6964223a226465766963655f303031222c2270685f76616c7565223a32312e31322c227464735f76616c7565223a323236362e342c2274656d7065726174757265223a2d3132372e30307d0d0a | DECODED: {"device_id":"device_001","ph_value":21.12,"tds_value":2266.4,"temperature":-127.00}
[2026-01-19 07:32:56] JSON: {"device_id": "device_001", "ph_value": 21.12, "tds_value": 2266.4, "temperature": -127.0}
[2026-01-19 07:32:56] ESP32 Device 1: SENT | RESPONSE: 102
[2026-01-19 07:33:01] ESP32 Device 1: NO DATA
[2026-01-19 07:33:06] RAW: 7b226465766963655f6964223a226465766963655f303031222c2270685f76616c7565223a32312e31312c227464735f76616c7565223a323234382e392c2274656d7065726174757265223a2d3132372e30307d0d0a | DECODED: {"device_id":"device_001","ph_value":21.11,"tds_value":2248.9,"temperature":-127.00}
[2026-01-19 07:33:06] JSON: {"device_id": "device_001", "ph_value": 21.11, "tds_value": 2248.9, "temperature": -127.0}
[2026-01-19 07:33:06] ESP32 Device 1: SENT | RESPONSE: 103
[2026-01-19 07:33:11] RAW: 7b226465766963655f6964223a226465766963655f303031222c2270685f76616c7565223a32312e31322c227464735f76616c7565223a323236392e342c2274656d7065726174757265223a2d3132372e30307d0d0a | DECODED: {"device_id":"device_001","ph_value":21.12,"tds_value":2269.4,"temperature":-127.00}
[2026-01-19 07:33:11] JSON: {"device_id": "device_001", "ph_value": 21.12, "tds_value": 2269.4, "temperature": -127.0}
[2026-01-19 07:33:11] ESP32 Device 1: SENT | RESPONSE: 104
[2026-01-19 07:33:16] RAW: 7b226465766963655f6964223a226465766963655f303031222c2270685f76616c7565223a32312e31312c227464735f76616c7565223a323235362e322c2274656d7065726174757265223a2d3132372e30307d0d0a | DECODED: {"device_id":"device_001","ph_value":21.11,"tds_value":2256.2,"temperature":-127.00}
[2026-01-19 07:33:16] JSON: {"device_id": "device_001", "ph_value": 21.11, "tds_value": 2256.2, "temperature": -127.0}
[2026-01-19 07:33:16] ESP32 Device 1: SENT | RESPONSE: 105
[2026-01-19 07:33:21] RAW: 7b226465766963655f6964223a226465766963655f303031222c2270685f76616c7565223a32312e31312c227464735f76616c7565223a323233332e302c2274656d7065726174757265223a2d3132372e30307d0d0a | DECODED: {"device_id":"device_001","ph_value":21.11,"tds_value":2233.0,"temperature":-127.00}
[2026-01-19 07:33:21] JSON: {"device_id": "device_001", "ph_value": 21.11, "tds_value": 2233.0, "temperature": -127.0}
[2026-01-19 07:33:21] ESP32 Device 1: SENT | RESPONSE: 106
[2026-01-19 07:33:26] RAW: 7b226465766963655f6964223a226465766963655f303031222c2270685f76616c7565223a32312e31372c227464735f76616c7565223a33362e382c2274656d7065726174757265223a2d3132372e30307d0d0a | DECODED: {"device_id":"device_001","ph_value":21.17,"tds_value":36.8,"temperature":-127.00}
[2026-01-19 07:33:26] JSON: {"device_id": "device_001", "ph_value": 21.17, "tds_value": 36.8, "temperature": -127.0}
[2026-01-19 07:33:26] ESP32 Device 1: SENT | RESPONSE: 107
[2026-01-19 07:33:31] RAW: 7b226465766963655f6964223a226465766963655f303031222c2270685f76616c7565223a32312e31362c227464735f76616c7565223a302e302c2274656d7065726174757265223a2d3132372e30307d0d0a | DECODED: {"device_id":"device_001","ph_value":21.16,"tds_value":0.0,"temperature":-127.00}
[2026-01-19 07:33:31] JSON: {"device_id": "device_001", "ph_value": 21.16, "tds_value": 0.0, "temperature": -127.0}
[2026-01-19 07:33:32] ESP32 Device 1: SENT | RESPONSE: 108
[2026-01-19 07:33:37] ESP32 Device 1: NO DATA
[2026-01-19 07:33:42] RAW: 7b226465766963655f6964223a226465766963655f303031222c2270685f76616c7565223a32312e31372c227464735f76616c7565223a302e302c2274656d7065726174757265223a2d3132372e30307d0d0a | DECODED: {"device_id":"device_001","ph_value":21.17,"tds_value":0.0,"temperature":-127.00}
[2026-01-19 07:33:42] JSON: {"device_id": "device_001", "ph_value": 21.17, "tds_value": 0.0, "temperature": -127.0}
[2026-01-19 07:33:42] ESP32 Device 1: SENT | RESPONSE: 109
[2026-01-19 07:33:47] RAW: 7b226465766963655f6964223a226465766963655f303031222c2270685f76616c7565223a32312e31362c227464735f76616c7565223a302e302c2274656d7065726174757265223a2d3132372e30307d0d0a | DECODED: {"device_id":"device_001","ph_value":21.16,"tds_value":0.0,"temperature":-127.00}
[2026-01-19 07:33:47] JSON: {"device_id": "device_001", "ph_value": 21.16, "tds_value": 0.0, "temperature": -127.0}
[2026-01-19 07:33:47] ESP32 Device 1: SENT | RESPONSE: 110
[2026-01-19 07:33:52] RAW: 7b226465766963655f6964223a226465766963655f303031222c2270685f76616c7565223a32312e31372c227464735f76616c7565223a302e302c2274656d7065726174757265223a2d3132372e30307d0d0a | DECODED: {"device_id":"device_001","ph_value":21.17,"tds_value":0.0,"temperature":-127.00}
[2026-01-19 07:33:52] JSON: {"device_id": "device_001", "ph_value": 21.17, "tds_value": 0.0, "temperature": -127.0}
[2026-01-19 07:33:52] ESP32 Device 1: SENT | RESPONSE: 111
[2026-01-19 07:33:57] RAW: 7b226465766963655f6964223a226465766963655f303031222c2270685f76616c7565223a32312e31372c227464735f76616c7565223a302e302c2274656d7065726174757265223a2d3132372e30307d0d0a | DECODED: {"device_id":"device_001","ph_value":21.17,"tds_value":0.0,"temperature":-127.00}
[2026-01-19 07:33:57] JSON: {"device_id": "device_001", "ph_value": 21.17, "tds_value": 0.0, "temperature": -127.0}
[2026-01-19 07:33:57] ESP32 Device 1: SENT | RESPONSE: 112
[2026-01-19 07:34:02] RAW: 7b226465766963655f6964223a226465766963655f303031222c2270685f76616c7565223a31372e30362c227464735f76616c7565223a302e302c2274656d7065726174757265223a2d3132372e30307d0d0a | DECODED: {"device_id":"device_001","ph_value":17.06,"tds_value":0.0,"temperature":-127.00}
[2026-01-19 07:34:02] JSON: {"device_id": "device_001", "ph_value": 17.06, "tds_value": 0.0, "temperature": -127.0}
[2026-01-19 07:34:02] ESP32 Device 1: SENT | RESPONSE: 113
[2026-01-19 07:34:07] ESP32 Device 1: NO DATA
[2026-01-19 07:34:12] RAW: 7b226465766963655f6964223a226465766963655f303031222c2270685f76616c7565223a31332e34332c227464735f76616c7565223a302e302c2274656d7065726174757265223a2d3132372e30307d0d0a | DECODED: {"device_id":"device_001","ph_value":13.43,"tds_value":0.0,"temperature":-127.00}
[2026-01-19 07:34:12] JSON: {"device_id": "device_001", "ph_value": 13.43, "tds_value": 0.0, "temperature": -127.0}
[2026-01-19 07:34:12] ESP32 Device 1: SENT | RESPONSE: 114
[2026-01-19 07:34:17] RAW: 7b226465766963655f6964223a226465766963655f303031222c2270685f76616c7565223a31332e31332c227464735f76616c7565223a302e302c2274656d7065726174757265223a2d3132372e30307d0d0a | DECODED: {"device_id":"device_001","ph_value":13.13,"tds_value":0.0,"temperature":-127.00}
[2026-01-19 07:34:17] JSON: {"device_id": "device_001", "ph_value": 13.13, "tds_value": 0.0, "temperature": -127.0}
[2026-01-19 07:34:17] ESP32 Device 1: SENT | RESPONSE: 115
[2026-01-19 07:34:22] RAW: 7b226465766963655f6964223a226465766963655f303031222c2270685f76616c7565223a31362e33302c227464735f76616c7565223a302e302c2274656d7065726174757265223a2d3132372e30307d0d0a | DECODED: {"device_id":"device_001","ph_value":16.30,"tds_value":0.0,"temperature":-127.00}
[2026-01-19 07:34:22] JSON: {"device_id": "device_001", "ph_value": 16.3, "tds_value": 0.0, "temperature": -127.0}
[2026-01-19 07:34:22] ESP32 Device 1: SENT | RESPONSE: 116
[2026-01-19 07:34:27] RAW: 7b226465766963655f6964223a226465766963655f303031222c2270685f76616c7565223a32312e31362c227464735f76616c7565223a302e302c2274656d7065726174757265223a2d3132372e30307d0d0a | DECODED: {"device_id":"device_001","ph_value":21.16,"tds_value":0.0,"temperature":-127.00}
[2026-01-19 07:34:27] JSON: {"device_id": "device_001", "ph_value": 21.16, "tds_value": 0.0, "temperature": -127.0}
[2026-01-19 07:34:27] ESP32 Device 1: SENT | RESPONSE: 117
[2026-01-19 07:34:32] RAW: 7b226465766963655f6964223a226465766963655f303031222c2270685f76616c7565223a32312e31372c227464735f76616c7565223a302e302c2274656d7065726174757265223a2d3132372e30307d0d0a | DECODED: {"device_id":"device_001","ph_value":21.17,"tds_value":0.0,"temperature":-127.00}
[2026-01-19 07:34:32] JSON: {"device_id": "device_001", "ph_value": 21.17, "tds_value": 0.0, "temperature": -127.0}
[2026-01-19 07:34:32] ESP32 Device 1: SENT | RESPONSE: 118
[2026-01-19 07:34:37] RAW: 7b226465766963655f6964223a226465766963655f303031222c2270685f76616c7565223a32312e31372c227464735f76616c7565223a302e302c2274656d7065726174757265223a2d3132372e30307d0d0a | DECODED: {"device_id":"device_001","ph_value":21.17,"tds_value":0.0,"temperature":-127.00}
[2026-01-19 07:34:37] JSON: {"device_id": "device_001", "ph_value": 21.17, "tds_value": 0.0, "temperature": -127.0}
[2026-01-19 07:34:37] ESP32 Device 1: SENT | RESPONSE: 119
